<?xml version="1.0" encoding="UTF-8"?>
<testsuite xmlns:xsi="http://www.w3.org/2001/XMLSchema-instance" xsi:noNamespaceSchemaLocation="https://maven.apache.org/surefire/maven-surefire-plugin/xsd/surefire-test-report.xsd" name="com.kenkoclient.AppTest" time="0.032" tests="1" errors="0" skipped="0" failures="0">
  <properties>
    <property name="java.specification.version" value="17"/>
    <property name="sun.cpu.isalist" value="amd64"/>
    <property name="sun.jnu.encoding" value="Cp1252"/>
    <property name="java.class.path" value="c:\Users\SnaiderAlainBautista\Documents\Kenko\proyectos\fource\leshan-client-sk\kenkoclient\target\test-classes;c:\Users\SnaiderAlainBautista\Documents\Kenko\proyectos\fource\leshan-client-sk\kenkoclient\target\classes;C:\Users\SnaiderAlainBautista\.m2\repository\junit\junit\4.11\junit-4.11.jar;C:\Users\SnaiderAlainBautista\.m2\repository\org\hamcrest\hamcrest-core\1.3\hamcrest-core-1.3.jar;C:\Users\SnaiderAlainBautista\.m2\repository\org\eclipse\leshan\leshan-client-cf\2.0.0-M6\leshan-client-cf-2.0.0-M6.jar;C:\Users\SnaiderAlainBautista\.m2\repository\org\eclipse\leshan\leshan-core-cf\2.0.0-M6\leshan-core-cf-2.0.0-M6.jar;C:\Users\SnaiderAlainBautista\.m2\repository\org\eclipse\leshan\leshan-core\2.0.0-M6\leshan-core-2.0.0-M6.jar;C:\Users\SnaiderAlainBautista\.m2\repository\com\fasterxml\jackson\core\jackson-databind\2.13.1\jackson-databind-2.13.1.jar;C:\Users\SnaiderAlainBautista\.m2\repository\com\fasterxml\jackson\core\jackson-annotations\2.13.1\jackson-annotations-2.13.1.jar;C:\Users\SnaiderAlainBautista\.m2\repository\com\fasterxml\jackson\core\jackson-core\2.13.1\jackson-core-2.13.1.jar;C:\Users\SnaiderAlainBautista\.m2\repository\com\upokecenter\cbor\4.5\cbor-4.5.jar;C:\Users\SnaiderAlainBautista\.m2\repository\com\github\peteroupc\numbers\1.8.2\numbers-1.8.2.jar;C:\Users\SnaiderAlainBautista\.m2\repository\org\eclipse\leshan\leshan-client-core\2.0.0-M6\leshan-client-core-2.0.0-M6.jar;C:\Users\SnaiderAlainBautista\.m2\repository\org\eclipse\californium\californium-core\3.2.0\californium-core-3.2.0.jar;C:\Users\SnaiderAlainBautista\.m2\repository\org\eclipse\californium\californium-legal\3.2.0\californium-legal-3.2.0.jar;C:\Users\SnaiderAlainBautista\.m2\repository\org\eclipse\californium\element-connector\3.2.0\element-connector-3.2.0.jar;C:\Users\SnaiderAlainBautista\.m2\repository\org\eclipse\californium\scandium\3.2.0\scandium-3.2.0.jar;C:\Users\SnaiderAlainBautista\.m2\repository\org\slf4j\slf4j-simple\1.7.32\slf4j-simple-1.7.32.jar;C:\Users\SnaiderAlainBautista\.m2\repository\org\slf4j\slf4j-api\1.7.32\slf4j-api-1.7.32.jar;"/>
    <property name="java.vm.vendor" value="Eclipse Adoptium"/>
    <property name="sun.arch.data.model" value="64"/>
    <property name="user.variant" value=""/>
    <property name="java.vendor.url" value="https://adoptium.net/"/>
    <property name="user.timezone" value="America/Mexico_City"/>
    <property name="os.name" value="Windows 10"/>
    <property name="java.vm.specification.version" value="17"/>
    <property name="sun.java.launcher" value="SUN_STANDARD"/>
    <property name="user.country" value="MX"/>
    <property name="sun.boot.library.path" value="C:\Program Files\Eclipse Adoptium\jdk-17.0.2.8-hotspot\bin"/>
    <property name="sun.java.command" value="C:\Users\SNAIDE~1\AppData\Local\Temp\surefire16449874679043751150\surefirebooter10202774343178748023.jar C:\Users\SnaiderAlainBautista\AppData\Local\Temp\surefire16449874679043751150 2022-04-11T15-54-55_779-jvmRun1 surefire9489829259537258173tmp surefire_011198842489487828706tmp"/>
    <property name="jdk.debug" value="release"/>
    <property name="surefire.test.class.path" value="c:\Users\SnaiderAlainBautista\Documents\Kenko\proyectos\fource\leshan-client-sk\kenkoclient\target\test-classes;c:\Users\SnaiderAlainBautista\Documents\Kenko\proyectos\fource\leshan-client-sk\kenkoclient\target\classes;C:\Users\SnaiderAlainBautista\.m2\repository\junit\junit\4.11\junit-4.11.jar;C:\Users\SnaiderAlainBautista\.m2\repository\org\hamcrest\hamcrest-core\1.3\hamcrest-core-1.3.jar;C:\Users\SnaiderAlainBautista\.m2\repository\org\eclipse\leshan\leshan-client-cf\2.0.0-M6\leshan-client-cf-2.0.0-M6.jar;C:\Users\SnaiderAlainBautista\.m2\repository\org\eclipse\leshan\leshan-core-cf\2.0.0-M6\leshan-core-cf-2.0.0-M6.jar;C:\Users\SnaiderAlainBautista\.m2\repository\org\eclipse\leshan\leshan-core\2.0.0-M6\leshan-core-2.0.0-M6.jar;C:\Users\SnaiderAlainBautista\.m2\repository\com\fasterxml\jackson\core\jackson-databind\2.13.1\jackson-databind-2.13.1.jar;C:\Users\SnaiderAlainBautista\.m2\repository\com\fasterxml\jackson\core\jackson-annotations\2.13.1\jackson-annotations-2.13.1.jar;C:\Users\SnaiderAlainBautista\.m2\repository\com\fasterxml\jackson\core\jackson-core\2.13.1\jackson-core-2.13.1.jar;C:\Users\SnaiderAlainBautista\.m2\repository\com\upokecenter\cbor\4.5\cbor-4.5.jar;C:\Users\SnaiderAlainBautista\.m2\repository\com\github\peteroupc\numbers\1.8.2\numbers-1.8.2.jar;C:\Users\SnaiderAlainBautista\.m2\repository\org\eclipse\leshan\leshan-client-core\2.0.0-M6\leshan-client-core-2.0.0-M6.jar;C:\Users\SnaiderAlainBautista\.m2\repository\org\eclipse\californium\californium-core\3.2.0\californium-core-3.2.0.jar;C:\Users\SnaiderAlainBautista\.m2\repository\org\eclipse\californium\californium-legal\3.2.0\californium-legal-3.2.0.jar;C:\Users\SnaiderAlainBautista\.m2\repository\org\eclipse\californium\element-connector\3.2.0\element-connector-3.2.0.jar;C:\Users\SnaiderAlainBautista\.m2\repository\org\eclipse\californium\scandium\3.2.0\scandium-3.2.0.jar;C:\Users\SnaiderAlainBautista\.m2\repository\org\slf4j\slf4j-simple\1.7.32\slf4j-simple-1.7.32.jar;C:\Users\SnaiderAlainBautista\.m2\repository\org\slf4j\slf4j-api\1.7.32\slf4j-api-1.7.32.jar;"/>
    <property name="sun.cpu.endian" value="little"/>
    <property name="user.home" value="C:\Users\SnaiderAlainBautista"/>
    <property name="user.language" value="es"/>
    <property name="java.specification.vendor" value="Oracle Corporation"/>
    <property name="java.version.date" value="2022-01-18"/>
    <property name="java.home" value="C:\Program Files\Eclipse Adoptium\jdk-17.0.2.8-hotspot"/>
    <property name="file.separator" value="\"/>
    <property name="basedir" value="c:\Users\SnaiderAlainBautista\Documents\Kenko\proyectos\fource\leshan-client-sk\kenkoclient"/>
    <property name="java.vm.compressedOopsMode" value="Zero based"/>
    <property name="line.separator" value="&#10;"/>
    <property name="java.vm.specification.vendor" value="Oracle Corporation"/>
    <property name="java.specification.name" value="Java Platform API Specification"/>
    <property name="surefire.real.class.path" value="C:\Users\SNAIDE~1\AppData\Local\Temp\surefire16449874679043751150\surefirebooter10202774343178748023.jar"/>
    <property name="user.script" value=""/>
    <property name="sun.management.compiler" value="HotSpot 64-Bit Tiered Compilers"/>
    <property name="java.runtime.version" value="17.0.2+8"/>
    <property name="user.name" value="SnaiderAlainBautista"/>
    <property name="path.separator" value=";"/>
    <property name="os.version" value="10.0"/>
    <property name="java.runtime.name" value="OpenJDK Runtime Environment"/>
    <property name="file.encoding" value="Cp1252"/>
    <property name="java.vm.name" value="OpenJDK 64-Bit Server VM"/>
    <property name="java.vendor.version" value="Temurin-17.0.2+8"/>
    <property name="localRepository" value="C:\Users\SnaiderAlainBautista\.m2\repository"/>
    <property name="java.vendor.url.bug" value="https://github.com/adoptium/adoptium-support/issues"/>
    <property name="java.io.tmpdir" value="C:\Users\SNAIDE~1\AppData\Local\Temp\"/>
    <property name="java.version" value="17.0.2"/>
    <property name="user.dir" value="c:\Users\SnaiderAlainBautista\Documents\Kenko\proyectos\fource\leshan-client-sk\kenkoclient"/>
    <property name="os.arch" value="amd64"/>
    <property name="java.vm.specification.name" value="Java Virtual Machine Specification"/>
    <property name="sun.os.patch.level" value=""/>
    <property name="native.encoding" value="Cp1252"/>
    <property name="java.library.path" value="C:\Program Files\Eclipse Adoptium\jdk-17.0.2.8-hotspot\bin;C:\Windows\Sun\Java\bin;C:\Windows\system32;C:\Windows;C:\Program Files\Eclipse Adoptium\jdk-17.0.2.8-hotspot\bin;C:\Program Files (x86)\Common Files\Oracle\Java\javapath;C:\Windows\system32;C:\Windows;C:\Windows\System32\Wbem;C:\Windows\System32\WindowsPowerShell\v1.0\;C:\Windows\System32\OpenSSH\;C:\Program Files\Git\cmd;C:\Program Files (x86)\Nordic Semiconductor\nrf-command-line-tools\bin\;C:\Program Files\Microchip\xc8\v2.31\bin;C:\Program Files\Docker\Docker\resources\bin;C:\ProgramData\DockerDesktop\version-bin;C:\ProgramData\chocolatey\bin;C:\Program Files\dotnet\;C:\Program Files\nodejs\;C:\Users\SnaiderAlainBautista\GnuWin32\bin;C:\Program Files (x86)\Arm GNU Toolchain arm-none-eabi\11.2 2022.02\bin;C:\Program Files\InfluxData\telegraf;C:\Users\SnaiderAlainBautista\AppData\Local\Programs\Python\Python310\Scripts\;C:\Users\SnaiderAlainBautista\AppData\Local\Programs\Python\Python310\;C:\Users\SnaiderAlainBautista\AppData\Local\Microsoft\WindowsApps;C:\Program Files (x86)\GnuWin32\bin;C:\Users\SnaiderAlainBautista\.dotnet\tools;C:\Users\SnaiderAlainBautista\AppData\Roaming\npm;C:\Users\SnaiderAlainBautista\maven\apache-maven-3.8.5\bin;C:\Users\SnaiderAlainBautista\GnuWin32\bin;C:\Program Files\InfluxData\influx;C:\Users\SnaiderAlainBautista\AppData\Local\Programs\MicrosoftVSCode\bin;C:\Users\SnaiderAlainBautista\AppData\Local\particle\bin;C:\OpenSSL-Win32\bin;."/>
    <property name="java.vm.info" value="mixed mode, sharing"/>
    <property name="java.vendor" value="Eclipse Adoptium"/>
    <property name="java.vm.version" value="17.0.2+8"/>
    <property name="sun.io.unicode.encoding" value="UnicodeLittle"/>
    <property name="java.class.version" value="61.0"/>
  </properties>
  <testcase name="shouldAnswerWithTrue" classname="com.kenkoclient.AppTest" time="0.002"/>
</testsuite>